Arguments: 
  /usr/bin/node /usr/bin/yarn init -Y

PATH: 
  /usr/local/bin:/usr/bin:/bin:/usr/local/games:/usr/games:/usr/local/sbin:/usr/sbin:/sbin:/home/yuri/Android/Sdk/emulator:/home/yuri/Android/Sdk/tools:/home/yuri/Android/Sdk/tools/bin:/home/yuri/Android/Sdk/platform-tools:/home/yuri/android-studio/bin

Yarn version: 
  1.22.10

Node version: 
  14.17.2

Platform: 
  linux x64

Trace: 
  Error: canceled
      at Interface.<anonymous> (/usr/lib/node_modules/yarn/lib/cli.js:136216:13)
      at Interface.emit (events.js:375:28)
      at Interface._ttyWrite (readline.js:910:16)
      at ReadStream.onkeypress (readline.js:235:10)
      at ReadStream.emit (events.js:375:28)
      at emitKeys (internal/readline/utils.js:358:14)
      at emitKeys.next (<anonymous>)
      at ReadStream.onData (readline.js:1179:36)
      at ReadStream.emit (events.js:375:28)
      at addChunk (internal/streams/readable.js:290:12)

npm manifest: 
  No manifest

yarn manifest: 
  No manifest

Lockfile: 
  No lockfile
